  AStar.cpp
E:\Development\Unity\AI-Programming\Game AI Assignment 2\lib\SDL2-2.0.7\include\SDL_surface.h(70,1): warning C4099: 'SDL_Surface': type name first seen using 'class' now seen using 'struct'
E:\Development\Unity\AI-Programming\Game AI Assignment 2\lib\SDL2-2.0.7\include\SDL_surface.h(69): message : see declaration of 'SDL_Surface'
E:\Development\Unity\AI-Programming\Game AI Assignment 2\Pathfinding\AStar.cpp(69,13): warning C4244: 'argument': conversion from 'float' to 'Uint32', possible loss of data
     Creating library E:\Development\Unity\AI-Programming\Game AI Assignment 2\x64\Debug\Pathfinding.lib and object E:\Development\Unity\AI-Programming\Game AI Assignment 2\x64\Debug\Pathfinding.exp
AStar.obj : error LNK2019: unresolved external symbol SDL_CreateThread referenced in function "public: void __cdecl AStar::Search(class Node *,class Node *)" (?Search@AStar@@QEAAXPEAVNode@@0@Z)
AStar.obj : error LNK2019: unresolved external symbol SDL_Delay referenced in function "public: static int __cdecl AStar::SearchThread(void *)" (?SearchThread@AStar@@SAHPEAX@Z)
main.obj : error LNK2001: unresolved external symbol SDL_Delay
main.obj : error LNK2019: unresolved external symbol SDL_GetError referenced in function SDL_main
main.obj : error LNK2019: unresolved external symbol SDL_CreateWindow referenced in function SDL_main
main.obj : error LNK2019: unresolved external symbol SDL_GetWindowSurface referenced in function SDL_main
main.obj : error LNK2019: unresolved external symbol SDL_UpdateWindowSurface referenced in function SDL_main
main.obj : error LNK2019: unresolved external symbol SDL_DestroyWindow referenced in function SDL_main
main.obj : error LNK2019: unresolved external symbol SDL_PollEvent referenced in function SDL_main
main.obj : error LNK2019: unresolved external symbol SDL_Init referenced in function SDL_main
main.obj : error LNK2019: unresolved external symbol SDL_Quit referenced in function SDL_main
Map.obj : error LNK2019: unresolved external symbol SDL_MapRGB referenced in function "public: void __cdecl Map::DrawMarker(struct SDL_Surface *,enum Map::MarkType,class Vector2)" (?DrawMarker@Map@@QEAAXPEAUSDL_Surface@@W4MarkType@1@VVector2@@@Z)
Map.obj : error LNK2019: unresolved external symbol SDL_FillRect referenced in function "public: void __cdecl Map::DrawMarker(struct SDL_Surface *,enum Map::MarkType,class Vector2)" (?DrawMarker@Map@@QEAAXPEAUSDL_Surface@@W4MarkType@1@VVector2@@@Z)
MSVCRTD.lib(exe_winmain.obj) : error LNK2019: unresolved external symbol WinMain referenced in function "int __cdecl invoke_main(void)" (?invoke_main@@YAHXZ)
..\lib\SDL2-2.0.7\lib\x86\SDL2.lib : warning LNK4272: library machine type 'x86' conflicts with target machine type 'x64'
..\lib\SDL2-2.0.7\lib\x86\SDL2main.lib : warning LNK4272: library machine type 'x86' conflicts with target machine type 'x64'
E:\Development\Unity\AI-Programming\Game AI Assignment 2\x64\Debug\Pathfinding.exe : fatal error LNK1120: 13 unresolved externals
